TN:
SF:scripts/validation.js
FN:54,getValidationRules
FN:63,getThicknessLimits
FN:73,validateInput
FN:125,validateAllInputs
FN:137,(anonymous_4)
FN:168,showInputError
FN:191,clearInputError
FN:205,clearAllErrors
FN:207,(anonymous_8)
FN:212,(anonymous_9)
FN:220,clearAllInputs
FN:228,(anonymous_11)
FNF:12
FNH:3
FNDA:15,getValidationRules
FNDA:3,getThicknessLimits
FNDA:14,validateInput
FNDA:0,validateAllInputs
FNDA:0,(anonymous_4)
FNDA:0,showInputError
FNDA:0,clearInputError
FNDA:0,clearAllErrors
FNDA:0,(anonymous_8)
FNDA:0,(anonymous_9)
FNDA:0,clearAllInputs
FNDA:0,(anonymous_11)
DA:4,1
DA:55,15
DA:64,3
DA:75,14
DA:76,3
DA:80,11
DA:83,11
DA:84,1
DA:91,10
DA:92,1
DA:99,9
DA:100,1
DA:109,8
DA:110,2
DA:118,6
DA:126,0
DA:127,0
DA:130,0
DA:137,0
DA:138,0
DA:139,0
DA:141,0
DA:142,0
DA:144,0
DA:145,0
DA:146,0
DA:153,0
DA:156,0
DA:160,0
DA:170,0
DA:173,0
DA:174,0
DA:175,0
DA:176,0
DA:177,0
DA:178,0
DA:179,0
DA:180,0
DA:183,0
DA:184,0
DA:193,0
DA:196,0
DA:197,0
DA:198,0
DA:206,0
DA:207,0
DA:208,0
DA:211,0
DA:212,0
DA:213,0
DA:221,0
DA:228,0
DA:229,0
DA:230,0
DA:231,0
DA:232,0
DA:238,1
DA:239,1
LF:58
LH:17
BRDA:55,0,0,15
BRDA:55,0,1,1
BRDA:64,1,0,3
BRDA:64,1,1,1
BRDA:75,2,0,3
BRDA:75,2,1,11
BRDA:75,3,0,14
BRDA:75,3,1,13
BRDA:75,3,2,12
BRDA:83,4,0,1
BRDA:83,4,1,10
BRDA:91,5,0,1
BRDA:91,5,1,9
BRDA:99,6,0,1
BRDA:99,6,1,8
BRDA:99,7,0,9
BRDA:99,7,1,9
BRDA:104,8,0,1
BRDA:104,8,1,0
BRDA:109,9,0,2
BRDA:109,9,1,6
BRDA:109,10,0,8
BRDA:109,10,1,8
BRDA:114,11,0,2
BRDA:114,11,1,0
BRDA:139,12,0,0
BRDA:139,12,1,0
BRDA:144,13,0,0
BRDA:144,13,1,0
BRDA:174,14,0,0
BRDA:174,14,1,0
BRDA:197,15,0,0
BRDA:197,15,1,0
BRDA:230,16,0,0
BRDA:230,16,1,0
BRDA:238,17,0,1
BRDA:238,17,1,0
BRDA:238,18,0,1
BRDA:238,18,1,1
BRF:39
BRH:26
end_of_record
